Traceback (most recent call last):
  File "/home/qyy/miniconda3/envs/nlp/lib/python3.10/runpy.py", line 196, in _run_module_as_main
    return _run_code(code, main_globals, None,
  File "/home/qyy/miniconda3/envs/nlp/lib/python3.10/runpy.py", line 86, in _run_code
    exec(code, run_globals)
  File "/home/qyy/.local/lib/python3.10/site-packages/uvicorn/__main__.py", line 4, in <module>
    uvicorn.main()
  File "/home/qyy/miniconda3/envs/nlp/lib/python3.10/site-packages/click/core.py", line 1485, in __call__
    return self.main(*args, **kwargs)
  File "/home/qyy/miniconda3/envs/nlp/lib/python3.10/site-packages/click/core.py", line 1406, in main
    rv = self.invoke(ctx)
  File "/home/qyy/miniconda3/envs/nlp/lib/python3.10/site-packages/click/core.py", line 1269, in invoke
    return ctx.invoke(self.callback, **ctx.params)
  File "/home/qyy/miniconda3/envs/nlp/lib/python3.10/site-packages/click/core.py", line 824, in invoke
    return callback(*args, **kwargs)
  File "/home/qyy/.local/lib/python3.10/site-packages/uvicorn/main.py", line 413, in main
    run(
  File "/home/qyy/.local/lib/python3.10/site-packages/uvicorn/main.py", line 580, in run
    server.run()
  File "/home/qyy/.local/lib/python3.10/site-packages/uvicorn/server.py", line 66, in run
    return asyncio.run(self.serve(sockets=sockets))
  File "/home/qyy/miniconda3/envs/nlp/lib/python3.10/asyncio/runners.py", line 44, in run
    return loop.run_until_complete(main)
  File "/home/qyy/miniconda3/envs/nlp/lib/python3.10/asyncio/base_events.py", line 649, in run_until_complete
    return future.result()
  File "/home/qyy/.local/lib/python3.10/site-packages/uvicorn/server.py", line 70, in serve
    await self._serve(sockets)
  File "/home/qyy/.local/lib/python3.10/site-packages/uvicorn/server.py", line 77, in _serve
    config.load()
  File "/home/qyy/.local/lib/python3.10/site-packages/uvicorn/config.py", line 435, in load
    self.loaded_app = import_from_string(self.app)
  File "/home/qyy/.local/lib/python3.10/site-packages/uvicorn/importer.py", line 22, in import_from_string
    raise exc from None
  File "/home/qyy/.local/lib/python3.10/site-packages/uvicorn/importer.py", line 19, in import_from_string
    module = importlib.import_module(module_str)
  File "/home/qyy/miniconda3/envs/nlp/lib/python3.10/importlib/__init__.py", line 126, in import_module
    return _bootstrap._gcd_import(name[level:], package, level)
  File "<frozen importlib._bootstrap>", line 1050, in _gcd_import
  File "<frozen importlib._bootstrap>", line 1027, in _find_and_load
  File "<frozen importlib._bootstrap>", line 1006, in _find_and_load_unlocked
  File "<frozen importlib._bootstrap>", line 688, in _load_unlocked
  File "<frozen importlib._bootstrap_external>", line 883, in exec_module
  File "<frozen importlib._bootstrap>", line 241, in _call_with_frames_removed
  File "/home/qyy/NLP-project/code/api.py", line 15, in <module>
    from retriever import get_retriever
  File "/home/qyy/NLP-project/code/retriever.py", line 12, in <module>
    from retriever_and_schemas import CodeRetriever
  File "/home/qyy/NLP-project/project/retriever_and_schemas.py", line 2, in <module>
    import torch
ModuleNotFoundError: No module named 'torch'
